2021-07-01 15:09:46.7756 Info - SupportBank.Program: Hello World
2021-07-01 15:09:46.8056 Warn - Support_Bank.Models.FileParser: Cannot find directory: System.IO.DirectoryNotFoundException: Could not find a part of the path 'C:\Training\OOP C#\Support Bank VS\Support Bank Most Updated\Support-Bank\-bank-resources\DodgyTransactions2015.csv'.
   at System.IO.FileStream.ValidateFileHandle(SafeFileHandle fileHandle)
   at System.IO.FileStream.CreateFileOpenHandle(FileMode mode, FileShare share, FileOptions options)
   at System.IO.FileStream..ctor(String path, FileMode mode, FileAccess access, FileShare share, Int32 bufferSize, FileOptions options)
   at System.IO.StreamReader.ValidateArgsAndOpenPath(String path, Encoding encoding, Int32 bufferSize)
   at System.IO.StreamReader..ctor(String path, Encoding encoding)
   at System.IO.File.InternalReadAllLines(String path, Encoding encoding)
   at System.IO.File.ReadAllLines(String path)
   at Support_Bank.Models.FileParser.GetTransactions(String route) in C:\Training\OOP C#\Support Bank VS\Support Bank Most Updated\Support-Bank\Models\FileParser.cs:line 17
2021-07-01 15:10:09.8981 Info - SupportBank.Program: Hello World
2021-07-01 15:13:21.0734 Info - SupportBank.Program: Hello World
2021-07-01 16:01:29.1071 Info - SupportBank.Program: Hello World
2021-07-01 16:01:29.1257 Warn - Support_Bank.Models.FileParser: Amount is not a valid amount, on date Date, from From to To
2021-07-01 16:01:29.1257 Warn - Support_Bank.Models.FileParser: One Cheeseburger is not a valid amount, on date 01/03/2015, from Ben B to Sam N
2021-07-01 16:01:29.1257 Warn - Support_Bank.Models.FileParser: Last Thursday is not a valid Date, from Sarah T to Dan W with amount 5.42
2021-07-01 16:01:41.7332 Info - SupportBank.Program: Hello World
2021-07-01 16:01:41.7507 Warn - Support_Bank.Models.FileParser: Amount is not a valid amount, on date Date, from From to To
2021-07-01 16:01:41.7584 Warn - Support_Bank.Models.FileParser: One Cheeseburger is not a valid amount, on date 01/03/2015, from Ben B to Sam N
2021-07-01 16:01:41.7584 Warn - Support_Bank.Models.FileParser: Last Thursday is not a valid Date, from Sarah T to Dan W with amount 5.42
2021-07-01 16:03:35.3184 Info - SupportBank.Program: Hello World
2021-07-01 16:03:35.3471 Warn - Support_Bank.Models.FileParser: 'Amount' is not a valid amount. On date Date, from From to To.
2021-07-01 16:03:35.3471 Warn - Support_Bank.Models.FileParser: 'One Cheeseburger' is not a valid amount. On date 01/03/2015, from Ben B to Sam N.
2021-07-01 16:03:35.3471 Warn - Support_Bank.Models.FileParser: 'Last Thursday' is not a valid Date. Transaction from Sarah T to Dan W with amount 5.42.
2021-07-01 16:07:23.3000 Info - SupportBank.Program: Hello World
2021-07-01 16:07:23.3178 Warn - Support_Bank.Models.FileParser: 'Amount' is not a valid amount. On date Date, from From to To.
2021-07-01 16:07:23.3261 Warn - Support_Bank.Models.FileParser: 'One Cheeseburger' is not a valid amount. On date 01/03/2015, from Ben B to Sam N.
2021-07-01 16:07:23.3261 Fatal - Support_Bank.Models.FileParser: 'Last Thursday' is not a valid Date. Transaction from Sarah T to Dan W with amount 5.42.
2021-07-01 16:09:22.4987 Info - SupportBank.Program: Hello World
2021-07-01 16:09:22.5178 Warn - Support_Bank.Models.FileParser: 'Amount' is not a valid amount. On date 'Date', from 'From' to 'To'.
2021-07-01 16:09:22.5282 Warn - Support_Bank.Models.FileParser: 'One Cheeseburger' is not a valid amount. On date '01/03/2015', from 'Ben B' to 'Sam N'.
2021-07-01 16:09:22.5282 Warn - Support_Bank.Models.FileParser: 'Last Thursday' is not a valid Date. Transaction from 'Sarah T' to 'Dan W' with amount '5.42'.
2021-07-01 16:11:19.9033 Info - SupportBank.Program: Hello World
2021-07-01 16:11:19.9229 Warn - Support_Bank.Models.FileParser: 'Amount' is not a valid amount. On date 'Date', from 'From' to 'To'. Entry has been discarded.
2021-07-01 16:11:19.9311 Warn - Support_Bank.Models.FileParser: 'One Cheeseburger' is not a valid amount. On date '01/03/2015', from 'Ben B' to 'Sam N'. Entry has been discarded.
2021-07-01 16:11:19.9311 Warn - Support_Bank.Models.FileParser: 'Last Thursday' is not a valid Date. Transaction from 'Sarah T' to 'Dan W' with amount '5.42'. Entry has been discarded.
2021-07-01 19:27:43.7650 Info - SupportBank.Program: Hello World
2021-07-01 19:27:43.7849 Warn - Support_Bank.Models.FileParser: 'Amount' is not a valid amount. On date 'Date', from 'From' to 'To'. Entry has been discarded.
2021-07-01 19:27:43.7937 Warn - Support_Bank.Models.FileParser: 'One Cheeseburger' is not a valid amount. On date '01/03/2015', from 'Ben B' to 'Sam N'. Entry has been discarded.
2021-07-01 19:27:43.7937 Warn - Support_Bank.Models.FileParser: 'Last Thursday' is not a valid Date. Transaction from 'Sarah T' to 'Dan W' with amount '5.42'. Entry has been discarded.
2021-07-01 19:30:08.0246 Info - SupportBank.Program: Hello World
2021-07-01 19:30:08.0440 Warn - Support_Bank.Models.FileParser: 'Amount' is not a valid amount. On date 'Date', from 'From' to 'To'. Entry has been discarded.
2021-07-01 19:30:08.0440 Warn - Support_Bank.Models.FileParser: 'One Cheeseburger' is not a valid amount. On date '01/03/2015', from 'Ben B' to 'Sam N'. Entry has been discarded.
2021-07-01 19:30:08.0440 Warn - Support_Bank.Models.FileParser: 'Last Thursday' is not a valid Date. Transaction from 'Sarah T' to 'Dan W' with amount '5.42'. Entry has been discarded.
